<?xml version="1.0" encoding="utf-8"?>
<assemblies timestamp="10/05/2019 22:06:12">
  <assembly name="C:\Users\Teknikaali\source\repos\jekyll-blog-comments\ApplicationCore.Tests\bin\Debug\netcoreapp2.2\ApplicationCore.Tests.dll" run-date="2019-10-05" run-time="22:06:12" total="12" passed="12" failed="0" skipped="0" time="0.241" errors="0">
    <errors />
    <collection total="2" passed="2" failed="0" skipped="0" name="Test collection for ApplicationCore.Tests.CommentFactoryTests" time="0.216">
      <test name="ApplicationCore.Tests.CommentFactoryTests.ValidCommentIsAnalyzedWhenCanAnalyze" type="ApplicationCore.Tests.CommentFactoryTests" method="ValidCommentIsAnalyzedWhenCanAnalyze" time="0.2130000" result="Pass">
        <traits />
      </test>
      <test name="ApplicationCore.Tests.CommentFactoryTests.InvalidCommentIsNotAnalyzed" type="ApplicationCore.Tests.CommentFactoryTests" method="InvalidCommentIsNotAnalyzed" time="0.0030000" result="Pass">
        <traits />
      </test>
    </collection>
    <collection total="10" passed="10" failed="0" skipped="0" name="Test collection for ApplicationCore.Tests.CommentFormTests" time="0.025">
      <test name="ApplicationCore.Tests.CommentFormTests.InvalidFormShouldHaveErrors(testCase: MemberDataSerializer`1 { Description = &quot;No fields&quot;, TestCase = [] })" type="ApplicationCore.Tests.CommentFormTests" method="InvalidFormShouldHaveErrors" time="0.0160000" result="Pass">
        <traits />
      </test>
      <test name="ApplicationCore.Tests.CommentFormTests.InvalidFormShouldHaveErrors(testCase: MemberDataSerializer`1 { Description = &quot;Single valid required field&quot;, TestCase = [[postId, this-is-a-post-slug]] })" type="ApplicationCore.Tests.CommentFormTests" method="InvalidFormShouldHaveErrors" time="0.0010000" result="Pass">
        <traits />
      </test>
      <test name="ApplicationCore.Tests.CommentFormTests.InvalidFormShouldHaveErrors(testCase: MemberDataSerializer`1 { Description = &quot;Single invalid field&quot;, TestCase = [[thisIsInvalidKey, this-should-not-work]] })" type="ApplicationCore.Tests.CommentFormTests" method="InvalidFormShouldHaveErrors" time="0.0010000" result="Pass">
        <traits />
      </test>
      <test name="ApplicationCore.Tests.CommentFormTests.ValidFormShouldNotHaveErrors(testCase: MemberDataSerializer`1 { Description = &quot;All required fields and no optionals&quot;, TestCase = [[postId, this-is-a-post-slug], [message, This is the message], [name, My Name]] })" type="ApplicationCore.Tests.CommentFormTests" method="ValidFormShouldNotHaveErrors" time="0.0010000" result="Pass">
        <traits />
      </test>
      <test name="ApplicationCore.Tests.CommentFormTests.ValidFormShouldNotHaveErrors(testCase: MemberDataSerializer`1 { Description = &quot;All required fields and 1 optional&quot;, TestCase = [[postId, this-is-a-post-slug], [message, This is the message], [name, My Very Own Name], [email, foo@example.com]] })" type="ApplicationCore.Tests.CommentFormTests" method="ValidFormShouldNotHaveErrors" time="0.0010000" result="Pass">
        <traits />
      </test>
      <test name="ApplicationCore.Tests.CommentFormTests.ValidFormShouldNotHaveErrors(testCase: MemberDataSerializer`1 { Description = &quot;All required fields, 1 optional and many empty opt&quot;..., TestCase = [[postId, this-is-a-post-slug], [message, This is the message], [name, My Very Own Name], [email, foo@example.com], [url, ], ...] })" type="ApplicationCore.Tests.CommentFormTests" method="ValidFormShouldNotHaveErrors" time="0.0010000" result="Pass">
        <traits />
      </test>
      <test name="ApplicationCore.Tests.CommentFormTests.ValidFormShouldNotHaveErrors(testCase: MemberDataSerializer`1 { Description = &quot;Valid required fields with invalid url value&quot;, TestCase = [[postId, this-is-a-post-slug], [message, This is the message], [name, My Very Own Name], [url, this-is-invalid-url]] })" type="ApplicationCore.Tests.CommentFormTests" method="ValidFormShouldNotHaveErrors" time="0.0010000" result="Pass">
        <traits />
      </test>
      <test name="ApplicationCore.Tests.CommentFormTests.ValidFormShouldNotHaveErrors(testCase: MemberDataSerializer`1 { Description = &quot;Valid required fields with single invalid field&quot;, TestCase = [[postId, this-is-a-post-slug], [message, This is the message], [name, My Very Own Name], [thisIsInvalidKey, this-should-be-okay]] })" type="ApplicationCore.Tests.CommentFormTests" method="ValidFormShouldNotHaveErrors" time="0.0010000" result="Pass">
        <traits />
      </test>
      <test name="ApplicationCore.Tests.CommentFormTests.ValidFormShouldNotHaveErrors(testCase: MemberDataSerializer`1 { Description = &quot;All fields in reverse order&quot;, TestCase = [[score, 0.5], [avatar, http://www.example.com/avatar.png], [url, http://www.example.com], [email, foo@example.com], [name, My Very Own Name], ...] })" type="ApplicationCore.Tests.CommentFormTests" method="ValidFormShouldNotHaveErrors" time="0.0010000" result="Pass">
        <traits />
      </test>
      <test name="ApplicationCore.Tests.CommentFormTests.ValidFormShouldNotHaveErrors(testCase: MemberDataSerializer`1 { Description = &quot;All required fields and all optionals&quot;, TestCase = [[postId, this-is-a-post-slug], [message, This is the message], [name, My Very Own Name], [email, foo@example.com], [url, http://www.example.com], ...] })" type="ApplicationCore.Tests.CommentFormTests" method="ValidFormShouldNotHaveErrors" time="0.0010000" result="Pass">
        <traits />
      </test>
    </collection>
  </assembly>
</assemblies>